<?xml version="1.0" encoding="UTF-8"?>
<!-- Generated by org.testng.reporters.JUnitReportReporter -->
<testsuite skipped="0" hostname="tm6" name="com.TestCasesAutomation.TC01_Verify_AddCustomerLink" tests="1" failures="0" timestamp="26 Apr 2018 05:10:33 GMT" time="23.316" errors="0">
  <testcase name="TC01_Verify_AddCustomerLink_Admin" time="23.316" classname="com.TestCasesAutomation.TC01_Verify_AddCustomerLink"/>
</testsuite> <!-- com.TestCasesAutomation.TC01_Verify_AddCustomerLink -->
