<?xml version="1.0" encoding="UTF-8"?>
<!-- Generated by org.testng.reporters.JUnitReportReporter -->
<testsuite skipped="0" hostname="tm6" name="com.TestCasesAutomation.TC02_Verify_AddCustomerFiles" tests="1" failures="0" timestamp="26 Apr 2018 05:10:33 GMT" time="35.040" errors="0">
  <testcase name="TC02_Verify_Admin_AddCustomer_Fileds" time="35.040" classname="com.TestCasesAutomation.TC02_Verify_AddCustomerFiles"/>
</testsuite> <!-- com.TestCasesAutomation.TC02_Verify_AddCustomerFiles -->
